<?xml version="1.0" encoding="UTF-8"?>
<testng-results ignored="0" total="1" passed="1" failed="0" skipped="0">
  <reporter-output>
  </reporter-output>
  <suite started-at="2025-11-22T17:45:26 IST" name="Default suite" finished-at="2025-11-22T17:45:26 IST" duration-ms="74">
    <groups>
    </groups>
    <test started-at="2025-11-22T17:45:26 IST" name="Default test" finished-at="2025-11-22T17:45:26 IST" duration-ms="74">
      <class name="Practice.GitPractice">
        <test-method signature="m1()[pri:0, instance:Practice.GitPractice@313ac989]" started-at="2025-11-22T17:45:26 IST" name="m1" finished-at="2025-11-22T17:45:26 IST" duration-ms="14" status="PASS">
          <reporter-output>
          </reporter-output>
        </test-method> <!-- m1 -->
      </class> <!-- Practice.GitPractice -->
    </test> <!-- Default test -->
  </suite> <!-- Default suite -->
</testng-results>
